# Tests known to currently fail.

# SERIOUS FAILURES -- FEATURE IN PROGRESS
sample/builtin.obj.em  # no obj builtins yet

# SERIOUS FAILURES -- MAJOR BUGS, FIX ASAP
sample/obj.this.9.em      # this doesn't work inside an indirectly invoked (do) method
sample/obj.2.em           # () is not correctly letting .let fall through
sample/scope.closure.2.em #     [ibid]
sample/obj.this.6.em      # [ this ] doesn't exist

# FAILURES -- BUGS, FIX ASAP
sample/parsetest.fail.em      # Unclosed left-paren fallaciously allowed
sample/parsetest.fail.2.em    # Mismatched right-paren fallaciously allowed
sample/parsetest.unicode.2.em # Unicode identifiers not in yet

# "Expected" failures due to not-yet-implemented features
sample/obj.dethis.em   # Rethis/dethis not user-exposed
sample/obj.rethis.em   #    [ibid]